Analyzing centra...

  error - lib/src/core/ssh_connection.dart:236:12 - The name 'TimeoutException' isn't a type and can't be used in an on-catch clause. Try correcting the name to match an existing class. - non_type_in_catch_clause
  error - lib/src/core/ssh_connection.dart:237:15 - The method 'TimeoutException' isn't defined for the type 'SshConnection'. Try correcting the name to the name of an existing method, or defining a method named 'TimeoutException'. - undefined_method
  error - lib/src/core/ssh_connection.dart:347:26 - The name 'TimeoutException' isn't defined, so it can't be used in an 'is' expression. Try changing the name to the name of an existing type, or creating a type with the name 'TimeoutException'. - type_test_with_undefined_name
  error - lib/src/core/ssh_connection.dart:348:37 - The name 'TimeoutException' isn't defined, so it can't be used in an 'is' expression. Try changing the name to the name of an existing type, or creating a type with the name 'TimeoutException'. - type_test_with_undefined_name
  error - lib/src/core/ssh_connection.dart:349:19 - The method 'TimeoutException' isn't defined for the type 'SshConnection'. Try correcting the name to the name of an existing method, or defining a method named 'TimeoutException'. - undefined_method
   info - lib/src/app/cli.dart:12:1 - Sort directive sections alphabetically. Try sorting the directives. - directives_ordering
   info - lib/src/app/cli.dart:37:9 - Use an initializing formal to assign a parameter to a field. Try using an initialing formal ('this.manifestCodec') to initialize the field. - prefer_initializing_formals
   info - lib/src/app/cli.dart:205:9 - Statements in an if should be enclosed in a block. Try wrapping the statement in a block. - curly_braces_in_flow_control_structures
   info - lib/src/app/cli.dart:227:9 - Statements in an if should be enclosed in a block. Try wrapping the statement in a block. - curly_braces_in_flow_control_structures
   info - lib/src/core/docker_browser.dart:124:7 - Local variables should be final. Try making the variable final. - prefer_final_locals
   info - lib/src/core/profile.dart:134:11 - Statements in an if should be enclosed in a block. Try wrapping the statement in a block. - curly_braces_in_flow_control_structures
   info - lib/src/core/profile.dart:151:11 - Statements in an if should be enclosed in a block. Try wrapping the statement in a block. - curly_braces_in_flow_control_structures
   info - lib/src/core/profile.dart:155:11 - Statements in an if should be enclosed in a block. Try wrapping the statement in a block. - curly_braces_in_flow_control_structures
   info - lib/src/core/profile.dart:159:11 - Statements in an if should be enclosed in a block. Try wrapping the statement in a block. - curly_braces_in_flow_control_structures
   info - lib/src/core/profile.dart:313:7 - Statements in an if should be enclosed in a block. Try wrapping the statement in a block. - curly_braces_in_flow_control_structures
   info - lib/src/core/profile.dart:315:7 - Statements in an if should be enclosed in a block. Try wrapping the statement in a block. - curly_braces_in_flow_control_structures
   info - lib/src/core/profile.dart:317:7 - Statements in an if should be enclosed in a block. Try wrapping the statement in a block. - curly_braces_in_flow_control_structures
   info - lib/src/tui/centra_app.dart:13:1 - Sort directive sections alphabetically. Try sorting the directives. - directives_ordering
   info - lib/src/tui/centra_app.dart:1165:7 - Statements in an if should be enclosed in a block. Try wrapping the statement in a block. - curly_braces_in_flow_control_structures

19 issues found.
